{"buildInfo":{"commitHash":"local","nodeVersion":"v20.18.0","version":"1.0.0"},"level":"info","message":"App started in port:8080","service":"express-prac-svc","timestamp":"2024-10-10T12:27:56.708Z"}
{"buildInfo":{"commitHash":"local","nodeVersion":"v20.18.0","version":"1.0.0"},"level":"info","message":"App started in port:8080","service":"express-prac-svc","timestamp":"2024-10-10T12:28:28.105Z"}
{"buildInfo":{"commitHash":"local","nodeVersion":"v20.18.0","version":"1.0.0"},"level":"info","message":"App started in port:8080","service":"express-prac-svc","timestamp":"2024-10-10T12:42:12.082Z"}
{"buildInfo":{"commitHash":"local","nodeVersion":"v20.18.0","version":"1.0.0"},"level":"info","message":"Status:200, URI:/, HttpMethod:GET, RequestBody:{}, ResponseBody:Hi, I am up!!!, TimeTaken:4.135(ms)","service":"express-prac-svc","timestamp":"2024-10-10T12:42:19.495Z"}
{"buildInfo":{"commitHash":"local","nodeVersion":"v20.18.0","version":"1.0.0"},"level":"info","message":"App started in port:8080","service":"express-prac-svc","timestamp":"2024-10-10T12:43:31.310Z"}
{"buildInfo":{"commitHash":"local","nodeVersion":"v20.18.0","version":"1.0.0"},"level":"info","message":"loaded","service":"express-prac-svc","timestamp":"2024-10-10T12:43:34.998Z"}
{"buildInfo":{"commitHash":"local","nodeVersion":"v20.18.0","version":"1.0.0"},"level":"info","message":"App started in port:8080","service":"express-prac-svc","timestamp":"2024-10-10T12:43:53.129Z"}
{"buildInfo":{"commitHash":"local","nodeVersion":"v20.18.0","version":"1.0.0"},"level":"info","message":"loaded","service":"express-prac-svc","timestamp":"2024-10-10T12:43:57.270Z"}
{"buildInfo":{"commitHash":"local","nodeVersion":"v20.18.0","version":"1.0.0"},"level":"info","message":"Status:-, URI:/api/employees, HttpMethod:GET, RequestBody:{}, ResponseBody:-, TimeTaken:-(ms)","service":"express-prac-svc","timestamp":"2024-10-10T12:44:07.586Z"}
{"buildInfo":{"commitHash":"local","nodeVersion":"v20.18.0","version":"1.0.0"},"level":"info","message":"loaded","service":"express-prac-svc","timestamp":"2024-10-10T12:44:09.019Z"}
{"buildInfo":{"commitHash":"local","nodeVersion":"v20.18.0","version":"1.0.0"},"level":"info","message":"Status:-, URI:/api/employees, HttpMethod:GET, RequestBody:{}, ResponseBody:-, TimeTaken:-(ms)","service":"express-prac-svc","timestamp":"2024-10-10T12:44:27.201Z"}
{"buildInfo":{"commitHash":"local","nodeVersion":"v20.18.0","version":"1.0.0"},"level":"info","message":"App started in port:8080","service":"express-prac-svc","timestamp":"2024-10-10T12:44:43.859Z"}
{"buildInfo":{"commitHash":"local","nodeVersion":"v20.18.0","version":"1.0.0"},"level":"info","message":"App started in port:8080","service":"express-prac-svc","timestamp":"2024-10-10T12:45:21.526Z"}
{"buildInfo":{"commitHash":"local","nodeVersion":"v20.18.0","version":"1.0.0"},"level":"info","message":"loaded","service":"express-prac-svc","timestamp":"2024-10-10T12:45:25.678Z"}
{"buildInfo":{"commitHash":"local","nodeVersion":"v20.18.0","version":"1.0.0"},"level":"info","message":"App started in port:8080","service":"express-prac-svc","timestamp":"2024-10-10T12:47:27.126Z"}
{"buildInfo":{"commitHash":"local","nodeVersion":"v20.18.0","version":"1.0.0"},"level":"info","message":"loaded","service":"express-prac-svc","timestamp":"2024-10-10T12:47:30.095Z"}
{"buildInfo":{"commitHash":"local","nodeVersion":"v20.18.0","version":"1.0.0"},"level":"info","message":"loaded","service":"express-prac-svc","timestamp":"2024-10-10T12:50:42.489Z"}
{"buildInfo":{"commitHash":"local","nodeVersion":"v20.18.0","version":"1.0.0"},"level":"info","message":"App started in port:8080","service":"express-prac-svc","timestamp":"2024-10-10T12:50:42.507Z"}
{"buildInfo":{"commitHash":"local","nodeVersion":"v20.18.0","version":"1.0.0"},"level":"info","message":"Employees lenght:4","service":"express-prac-svc","timestamp":"2024-10-10T12:50:47.017Z"}
{"buildInfo":{"commitHash":"local","nodeVersion":"v20.18.0","version":"1.0.0"},"level":"info","message":"Status:200, URI:/api/employees, HttpMethod:GET, RequestBody:{}, ResponseBody:[{\"id\":1,\"name\":\"dayananda\"},{\"id\":2,\"name\":\"pushpa\"},{\"id\":3,\"name\":\"Keerthana\"},{\"id\":4,\"name\":\"Vikramadhitya\"}], TimeTaken:6.759(ms)","service":"express-prac-svc","timestamp":"2024-10-10T12:50:47.027Z"}
{"buildInfo":{"commitHash":"local","nodeVersion":"v20.18.0","version":"1.0.0"},"level":"info","message":"loaded","service":"express-prac-svc","timestamp":"2024-10-10T12:51:06.182Z"}
{"buildInfo":{"commitHash":"local","nodeVersion":"v20.18.0","version":"1.0.0"},"level":"info","message":"App started in port:8080","service":"express-prac-svc","timestamp":"2024-10-10T12:51:06.211Z"}
{"buildInfo":{"commitHash":"local","nodeVersion":"v20.18.0","version":"1.0.0"},"level":"info","message":"Employees lenght:4","service":"express-prac-svc","timestamp":"2024-10-10T12:51:10.983Z"}
{"buildInfo":{"commitHash":"local","nodeVersion":"v20.18.0","version":"1.0.0"},"level":"info","message":"Status:200, URI:/api/employees, HttpMethod:GET, RequestBody:{}, ResponseBody:[{\"id\":1,\"name\":\"dayananda\"},{\"id\":2,\"name\":\"pushpa\"},{\"id\":3,\"name\":\"Keerthana\"},{\"id\":4,\"name\":\"Vikramadhitya\"}], TimeTaken:7.014(ms)","service":"express-prac-svc","timestamp":"2024-10-10T12:51:10.997Z"}
{"buildInfo":{"commitHash":"local","nodeVersion":"v20.18.0","version":"1.0.0"},"level":"info","message":"loaded","service":"express-prac-svc","timestamp":"2024-10-10T12:51:23.025Z"}
{"buildInfo":{"commitHash":"local","nodeVersion":"v20.18.0","version":"1.0.0"},"level":"info","message":"App started in port:8080","service":"express-prac-svc","timestamp":"2024-10-10T12:51:23.070Z"}
{"buildInfo":{"commitHash":"local","nodeVersion":"v20.18.0","version":"1.0.0"},"level":"info","message":"Employees lenght:4","service":"express-prac-svc","timestamp":"2024-10-10T12:51:27.211Z"}
{"buildInfo":{"commitHash":"local","nodeVersion":"v20.18.0","version":"1.0.0"},"level":"info","message":"Status:200, URI:/api/employees, HttpMethod:GET, RequestBody:{}, ResponseBody:[{\"id\":1,\"name\":\"dayananda\"},{\"id\":2,\"name\":\"pushpa\"},{\"id\":3,\"name\":\"Keerthana\"},{\"id\":4,\"name\":\"Vikramadhitya\"}], TimeTaken:6.265(ms)","service":"express-prac-svc","timestamp":"2024-10-10T12:51:27.220Z"}
{"buildInfo":{"commitHash":"local","nodeVersion":"v20.18.0","version":"1.0.0"},"level":"info","message":"Employees lenght:4","service":"express-prac-svc","timestamp":"2024-10-10T12:51:36.745Z"}
{"buildInfo":{"commitHash":"local","nodeVersion":"v20.18.0","version":"1.0.0"},"level":"info","message":"Status:200, URI:/api/employees, HttpMethod:GET, RequestBody:{}, ResponseBody:[{\"id\":1,\"name\":\"dayananda\"},{\"id\":2,\"name\":\"pushpa\"},{\"id\":3,\"name\":\"Keerthana\"},{\"id\":4,\"name\":\"Vikramadhitya\"}], TimeTaken:2.881(ms)","service":"express-prac-svc","timestamp":"2024-10-10T12:51:36.749Z"}
{"buildInfo":{"commitHash":"local","nodeVersion":"v20.18.0","version":"1.0.0"},"level":"info","message":"Employee router loaded","service":"express-prac-svc","timestamp":"2024-10-10T12:52:29.578Z"}
{"buildInfo":{"commitHash":"local","nodeVersion":"v20.18.0","version":"1.0.0"},"level":"info","message":"App started in port:8080","service":"express-prac-svc","timestamp":"2024-10-10T12:52:29.633Z"}
{"buildInfo":{"commitHash":"local","nodeVersion":"v20.18.0","version":"1.0.0"},"level":"info","message":"Employees lenght:4","service":"express-prac-svc","timestamp":"2024-10-10T12:52:32.100Z"}
{"buildInfo":{"commitHash":"local","nodeVersion":"v20.18.0","version":"1.0.0"},"level":"info","message":"Status:200, URI:/api/employees, HttpMethod:GET, RequestBody:{}, ResponseBody:[{\"id\":1,\"name\":\"dayananda\"},{\"id\":2,\"name\":\"pushpa\"},{\"id\":3,\"name\":\"Keerthana\"},{\"id\":4,\"name\":\"Vikramadhitya\"}], TimeTaken:11.757(ms)","service":"express-prac-svc","timestamp":"2024-10-10T12:52:32.118Z"}
{"buildInfo":{"commitHash":"local","nodeVersion":"v20.18.0","version":"1.0.0"},"level":"info","message":"Employee router loaded","service":"express-prac-svc","timestamp":"2024-10-10T12:52:53.691Z"}
{"buildInfo":{"commitHash":"local","nodeVersion":"v20.18.0","version":"1.0.0"},"level":"info","message":"App started in port:8080","service":"express-prac-svc","timestamp":"2024-10-10T12:52:53.706Z"}
