{"buildInfo":{"commitHash":"local","nodeVersion":"v20.18.0","version":"1.0.0"},"code":"ENOTFOUND","errno":-3008,"fatal":true,"hostname":"localhost:3306","level":"error","service":"express-prac-svc","syscall":"getaddrinfo","timestamp":"2024-10-10T14:15:26.133Z"}
{"buildInfo":{"commitHash":"local","nodeVersion":"v20.18.0","version":"1.0.0"},"code":"ENOTFOUND","errno":-3008,"fatal":true,"hostname":"localhost:3306","level":"error","service":"express-prac-svc","syscall":"getaddrinfo","timestamp":"2024-10-10T14:15:55.549Z"}
{"buildInfo":{"commitHash":"local","nodeVersion":"v20.18.0","version":"1.0.0"},"code":"ENOTFOUND","errno":-3008,"fatal":true,"hostname":"localhost:3306","level":"error","service":"express-prac-svc","syscall":"getaddrinfo","timestamp":"2024-10-10T14:16:04.118Z"}
{"buildInfo":{"commitHash":"local","nodeVersion":"v20.18.0","version":"1.0.0"},"code":"ENOTFOUND","errno":-3008,"fatal":true,"hostname":"localhost:3306","level":"error","service":"express-prac-svc","syscall":"getaddrinfo","timestamp":"2024-10-10T14:16:44.772Z"}
{"buildInfo":{"commitHash":"local","nodeVersion":"v20.18.0","version":"1.0.0"},"code":"ENOTFOUND","errno":-3008,"fatal":true,"hostname":"localhost:3306","level":"error","service":"express-prac-svc","syscall":"getaddrinfo","timestamp":"2024-10-10T14:17:05.322Z"}
{"buildInfo":{"commitHash":"local","nodeVersion":"v20.18.0","version":"1.0.0"},"level":"error","message":"Error: getaddrinfo ENOTFOUND localhost:3306\n    at GetAddrInfoReqWrap.onlookupall [as oncomplete] (node:dns:120:26)\n    --------------------\n    at Protocol._enqueue (D:\\Work\\express-prac\\node_modules\\mysql\\lib\\protocol\\Protocol.js:144:48)\n    at Protocol.handshake (D:\\Work\\express-prac\\node_modules\\mysql\\lib\\protocol\\Protocol.js:51:23)\n    at Connection.connect (D:\\Work\\express-prac\\node_modules\\mysql\\lib\\Connection.js:116:18)\n    at getEmployeesRepo (D:\\Work\\express-prac\\employees\\repo\\employee.repo.js:9:20)\n    at process.processTicksAndRejections (node:internal/process/task_queues:95:5)\n    at async getEmployeesService (D:\\Work\\express-prac\\employees\\service\\employee.service.js:4:18)","service":"express-prac-svc","timestamp":"2024-10-10T14:17:31.204Z"}
{"buildInfo":{"commitHash":"local","nodeVersion":"v20.18.0","version":"1.0.0"},"level":"error","message":"Error: ER_NOT_SUPPORTED_AUTH_MODE: Client does not support authentication protocol requested by server; consider upgrading MySQL client\n    at Sequence._packetToError (D:\\Work\\express-prac\\node_modules\\mysql\\lib\\protocol\\sequences\\Sequence.js:47:14)\n    at Handshake.ErrorPacket (D:\\Work\\express-prac\\node_modules\\mysql\\lib\\protocol\\sequences\\Handshake.js:123:18)\n    at Protocol._parsePacket (D:\\Work\\express-prac\\node_modules\\mysql\\lib\\protocol\\Protocol.js:291:23)\n    at Parser._parsePacket (D:\\Work\\express-prac\\node_modules\\mysql\\lib\\protocol\\Parser.js:433:10)\n    at Parser.write (D:\\Work\\express-prac\\node_modules\\mysql\\lib\\protocol\\Parser.js:43:10)\n    at Protocol.write (D:\\Work\\express-prac\\node_modules\\mysql\\lib\\protocol\\Protocol.js:38:16)\n    at Socket.<anonymous> (D:\\Work\\express-prac\\node_modules\\mysql\\lib\\Connection.js:88:28)\n    at Socket.<anonymous> (D:\\Work\\express-prac\\node_modules\\mysql\\lib\\Connection.js:526:10)\n    at Socket.emit (node:events:519:28)\n    at addChunk (node:internal/streams/readable:559:12)\n    --------------------\n    at Protocol._enqueue (D:\\Work\\express-prac\\node_modules\\mysql\\lib\\protocol\\Protocol.js:144:48)\n    at Protocol.handshake (D:\\Work\\express-prac\\node_modules\\mysql\\lib\\protocol\\Protocol.js:51:23)\n    at Connection.connect (D:\\Work\\express-prac\\node_modules\\mysql\\lib\\Connection.js:116:18)\n    at getEmployeesRepo (D:\\Work\\express-prac\\employees\\repo\\employee.repo.js:9:20)\n    at process.processTicksAndRejections (node:internal/process/task_queues:95:5)\n    at async getEmployeesService (D:\\Work\\express-prac\\employees\\service\\employee.service.js:4:18)","service":"express-prac-svc","timestamp":"2024-10-10T14:18:22.110Z"}
{"buildInfo":{"commitHash":"local","nodeVersion":"v20.18.0","version":"1.0.0"},"level":"error","message":"Error: getaddrinfo ENOTFOUND localhost:3306\n    at GetAddrInfoReqWrap.onlookupall [as oncomplete] (node:dns:120:26)","service":"express-prac-svc","timestamp":"2024-10-10T14:22:54.979Z"}
{"buildInfo":{"commitHash":"local","nodeVersion":"v20.18.0","version":"1.0.0"},"level":"error","message":"Error: getaddrinfo ENOTFOUND localhost:3306\n    at GetAddrInfoReqWrap.onlookupall [as oncomplete] (node:dns:120:26)","service":"express-prac-svc","timestamp":"2024-10-10T14:24:54.961Z"}
{"buildInfo":{"commitHash":"local","nodeVersion":"v20.18.0","version":"1.0.0"},"level":"error","service":"express-prac-svc","timestamp":"2024-10-10T14:27:15.037Z"}
{"buildInfo":{"commitHash":"local","nodeVersion":"v20.18.0","version":"1.0.0"},"level":"error","service":"express-prac-svc","timestamp":"2024-10-10T14:27:41.592Z"}
{"buildInfo":{"commitHash":"local","nodeVersion":"v20.18.0","version":"1.0.0"},"level":"error","service":"express-prac-svc","timestamp":"2024-10-10T14:32:23.818Z"}
{"buildInfo":{"commitHash":"local","nodeVersion":"v20.18.0","version":"1.0.0"},"level":"error","service":"express-prac-svc","timestamp":"2024-10-10T14:32:33.637Z"}
{"buildInfo":{"commitHash":"local","nodeVersion":"v20.18.0","version":"1.0.0"},"level":"error","service":"express-prac-svc","timestamp":"2024-10-10T14:33:00.198Z"}
{"buildInfo":{"commitHash":"local","nodeVersion":"v20.18.0","version":"1.0.0"},"level":"error","service":"express-prac-svc","timestamp":"2024-10-10T14:33:45.820Z"}
{"buildInfo":{"commitHash":"local","nodeVersion":"v20.18.0","version":"1.0.0"},"level":"error","service":"express-prac-svc","timestamp":"2024-10-10T14:34:53.924Z"}
{"buildInfo":{"commitHash":"local","nodeVersion":"v20.18.0","version":"1.0.0"},"level":"error","service":"express-prac-svc","timestamp":"2024-10-10T14:35:40.372Z"}
{"buildInfo":{"commitHash":"local","nodeVersion":"v20.18.0","version":"1.0.0"},"level":"error","service":"express-prac-svc","timestamp":"2024-10-10T14:36:07.897Z"}
{"buildInfo":{"commitHash":"local","nodeVersion":"v20.18.0","version":"1.0.0"},"level":"error","service":"express-prac-svc","timestamp":"2024-10-10T14:36:53.779Z"}
{"buildInfo":{"commitHash":"local","nodeVersion":"v20.18.0","version":"1.0.0"},"level":"error","service":"express-prac-svc","timestamp":"2024-10-10T14:37:11.949Z"}
{"buildInfo":{"commitHash":"local","nodeVersion":"v20.18.0","version":"1.0.0"},"level":"error","service":"express-prac-svc","timestamp":"2024-10-10T14:39:15.953Z"}
{"buildInfo":{"commitHash":"local","nodeVersion":"v20.18.0","version":"1.0.0"},"level":"error","service":"express-prac-svc","timestamp":"2024-10-10T14:39:31.616Z"}
{"buildInfo":{"commitHash":"local","nodeVersion":"v20.18.0","version":"1.0.0"},"level":"error","service":"express-prac-svc","timestamp":"2024-10-10T14:40:17.688Z"}
{"buildInfo":{"commitHash":"local","nodeVersion":"v20.18.0","version":"1.0.0"},"level":"error","service":"express-prac-svc","timestamp":"2024-10-10T14:47:02.019Z"}
{"buildInfo":{"commitHash":"local","nodeVersion":"v20.18.0","version":"1.0.0"},"level":"error","service":"express-prac-svc","timestamp":"2024-10-10T14:47:10.944Z"}
{"buildInfo":{"commitHash":"local","nodeVersion":"v20.18.0","version":"1.0.0"},"level":"error","service":"express-prac-svc","timestamp":"2024-10-10T14:54:24.131Z"}
{"buildInfo":{"commitHash":"local","nodeVersion":"v20.18.0","version":"1.0.0"},"level":"error","service":"express-prac-svc","timestamp":"2024-10-10T14:57:31.954Z"}
{"buildInfo":{"commitHash":"local","nodeVersion":"v20.18.0","version":"1.0.0"},"level":"error","service":"express-prac-svc","timestamp":"2024-10-10T14:58:14.434Z"}
